0 info it worked if it ends with ok
1 verbose cli [ '/usr/bin/node',
1 verbose cli   '/usr/bin/npm',
1 verbose cli   'install',
1 verbose cli   'karma-chrome-launcher',
1 verbose cli   '--save-dev' ]
2 info using npm@1.4.28
3 info using node@v0.10.40
4 verbose node symlink /usr/bin/node
5 verbose readDependencies using package.json deps
6 verbose cache add [ 'karma-chrome-launcher', null ]
7 verbose cache add name=undefined spec="karma-chrome-launcher" args=["karma-chrome-launcher",null]
8 verbose parsed url { protocol: null,
8 verbose parsed url   slashes: null,
8 verbose parsed url   auth: null,
8 verbose parsed url   host: null,
8 verbose parsed url   port: null,
8 verbose parsed url   hostname: null,
8 verbose parsed url   hash: null,
8 verbose parsed url   search: null,
8 verbose parsed url   query: null,
8 verbose parsed url   pathname: 'karma-chrome-launcher',
8 verbose parsed url   path: 'karma-chrome-launcher',
8 verbose parsed url   href: 'karma-chrome-launcher' }
9 silly lockFile 4f6bc915-karma-chrome-launcher karma-chrome-launcher
10 verbose lock karma-chrome-launcher /home/alex/.npm/4f6bc915-karma-chrome-launcher.lock
11 silly lockFile 4f6bc915-karma-chrome-launcher karma-chrome-launcher
12 silly lockFile 4f6bc915-karma-chrome-launcher karma-chrome-launcher
13 verbose addNamed [ 'karma-chrome-launcher', '' ]
14 verbose addNamed [ null, '*' ]
15 silly lockFile cd66acf6-karma-chrome-launcher karma-chrome-launcher@
16 verbose lock karma-chrome-launcher@ /home/alex/.npm/cd66acf6-karma-chrome-launcher.lock
17 silly addNameRange { name: 'karma-chrome-launcher', range: '*', hasData: false }
18 verbose request where is /karma-chrome-launcher
19 verbose request registry https://registry.npmjs.org/
20 verbose request id b6d7e8691b99a729
21 verbose url raw /karma-chrome-launcher
22 verbose url resolving [ 'https://registry.npmjs.org/', './karma-chrome-launcher' ]
23 verbose url resolved https://registry.npmjs.org/karma-chrome-launcher
24 verbose request where is https://registry.npmjs.org/karma-chrome-launcher
25 info trying registry request attempt 1 at 16:56:36
26 http GET https://registry.npmjs.org/karma-chrome-launcher
27 http 200 https://registry.npmjs.org/karma-chrome-launcher
28 silly registry.get cb [ 200,
28 silly registry.get   { server: 'CouchDB/1.5.0 (Erlang OTP/R16B03)',
28 silly registry.get     etag: '"AB6DAVF46PUPNUJCW5RX7BKQ1"',
28 silly registry.get     'content-type': 'application/json',
28 silly registry.get     'cache-control': 'max-age=60',
28 silly registry.get     'content-length': '33116',
28 silly registry.get     'accept-ranges': 'bytes',
28 silly registry.get     date: 'Thu, 22 Oct 2015 15:56:36 GMT',
28 silly registry.get     via: '1.1 varnish',
28 silly registry.get     age: '5',
28 silly registry.get     connection: 'keep-alive',
28 silly registry.get     'x-served-by': 'cache-lcy1122-LCY',
28 silly registry.get     'x-cache': 'HIT',
28 silly registry.get     'x-cache-hits': '1',
28 silly registry.get     'x-timer': 'S1445529396.758312,VS0,VE0',
28 silly registry.get     vary: 'Accept' } ]
29 silly addNameRange number 2 { name: 'karma-chrome-launcher', range: '*', hasData: true }
30 silly addNameRange versions [ 'karma-chrome-launcher',
30 silly addNameRange   [ '0.0.1',
30 silly addNameRange     '0.0.2',
30 silly addNameRange     '0.1.0',
30 silly addNameRange     '0.1.1',
30 silly addNameRange     '0.1.2',
30 silly addNameRange     '0.1.3',
30 silly addNameRange     '0.1.4',
30 silly addNameRange     '0.1.5',
30 silly addNameRange     '0.1.6',
30 silly addNameRange     '0.1.7',
30 silly addNameRange     '0.1.8',
30 silly addNameRange     '0.1.9',
30 silly addNameRange     '0.1.10',
30 silly addNameRange     '0.1.11',
30 silly addNameRange     '0.1.12',
30 silly addNameRange     '0.2.0',
30 silly addNameRange     '0.2.1' ] ]
31 verbose addNamed [ 'karma-chrome-launcher', '0.2.1' ]
32 verbose addNamed [ '0.2.1', '0.2.1' ]
33 silly lockFile 23dba093-karma-chrome-launcher-0-2-1 karma-chrome-launcher@0.2.1
34 verbose lock karma-chrome-launcher@0.2.1 /home/alex/.npm/23dba093-karma-chrome-launcher-0-2-1.lock
35 silly lockFile 9609c7cf--karma-chrome-launcher-0-2-1-tgz https://registry.npmjs.org/karma-chrome-launcher/-/karma-chrome-launcher-0.2.1.tgz
36 verbose lock https://registry.npmjs.org/karma-chrome-launcher/-/karma-chrome-launcher-0.2.1.tgz /home/alex/.npm/9609c7cf--karma-chrome-launcher-0-2-1-tgz.lock
37 verbose addRemoteTarball [ 'https://registry.npmjs.org/karma-chrome-launcher/-/karma-chrome-launcher-0.2.1.tgz',
37 verbose addRemoteTarball   '851254e11caf126808b926cd507413f563d49cbf' ]
38 info retry fetch attempt 1 at 16:56:36
39 verbose fetch to= /tmp/npm-3592-CzjBPk30/registry.npmjs.org/karma-chrome-launcher/-/karma-chrome-launcher-0.2.1.tgz
40 http GET https://registry.npmjs.org/karma-chrome-launcher/-/karma-chrome-launcher-0.2.1.tgz
41 http 200 https://registry.npmjs.org/karma-chrome-launcher/-/karma-chrome-launcher-0.2.1.tgz
42 silly lockFile 9609c7cf--karma-chrome-launcher-0-2-1-tgz https://registry.npmjs.org/karma-chrome-launcher/-/karma-chrome-launcher-0.2.1.tgz
43 silly lockFile 9609c7cf--karma-chrome-launcher-0-2-1-tgz https://registry.npmjs.org/karma-chrome-launcher/-/karma-chrome-launcher-0.2.1.tgz
44 silly lockFile 23dba093-karma-chrome-launcher-0-2-1 karma-chrome-launcher@0.2.1
45 silly lockFile 23dba093-karma-chrome-launcher-0-2-1 karma-chrome-launcher@0.2.1
46 silly lockFile cd66acf6-karma-chrome-launcher karma-chrome-launcher@
47 silly lockFile cd66acf6-karma-chrome-launcher karma-chrome-launcher@
48 silly resolved [ { name: 'karma-chrome-launcher',
48 silly resolved     version: '0.2.1',
48 silly resolved     description: 'A Karma plugin. Launcher for Chrome and Chrome Canary.',
48 silly resolved     main: 'index.js',
48 silly resolved     scripts: { test: 'grunt test' },
48 silly resolved     repository:
48 silly resolved      { type: 'git',
48 silly resolved        url: 'git://github.com/karma-runner/karma-chrome-launcher.git' },
48 silly resolved     keywords: [ 'karma-plugin', 'karma-launcher', 'chrome' ],
48 silly resolved     author: { name: 'Vojta Jina', email: 'vojta.jina@gmail.com' },
48 silly resolved     dependencies: { 'fs-access': '^1.0.0', which: '^1.0.9' },
48 silly resolved     license: 'MIT',
48 silly resolved     devDependencies:
48 silly resolved      { chai: '^3.3.0',
48 silly resolved        eslint: '^1.6.0',
48 silly resolved        'eslint-config-standard': '^4.4.0',
48 silly resolved        'eslint-plugin-standard': '^1.3.1',
48 silly resolved        grunt: '^0.4.1',
48 silly resolved        'grunt-auto-release': '^0.0.6',
48 silly resolved        'grunt-bump': '^0.6.0',
48 silly resolved        'grunt-conventional-changelog': '^5.0.0',
48 silly resolved        'grunt-conventional-github-releaser': '^0.5.0',
48 silly resolved        'grunt-eslint': '^17.2.0',
48 silly resolved        'grunt-karma': '^0.12.1',
48 silly resolved        'grunt-npm': '^0.0.2',
48 silly resolved        'grunt-simple-mocha': '^0.4.0',
48 silly resolved        'jasmine-node': '^1.14.5',
48 silly resolved        karma: '^0.13.10',
48 silly resolved        'karma-mocha': '^0.2.0',
48 silly resolved        'load-grunt-tasks': '^3.2.0',
48 silly resolved        mocha: '^2.3.3',
48 silly resolved        sinon: '^1.17.1' },
48 silly resolved     contributors:
48 silly resolved      [ [Object],
48 silly resolved        [Object],
48 silly resolved        [Object],
48 silly resolved        [Object],
48 silly resolved        [Object],
48 silly resolved        [Object],
48 silly resolved        [Object],
48 silly resolved        [Object],
48 silly resolved        [Object],
48 silly resolved        [Object],
48 silly resolved        [Object],
48 silly resolved        [Object],
48 silly resolved        [Object],
48 silly resolved        [Object],
48 silly resolved        [Object],
48 silly resolved        [Object] ],
48 silly resolved     gitHead: '41c8a0de1f946eefacc75e57898bb82bfad08234',
48 silly resolved     bugs: { url: 'https://github.com/karma-runner/karma-chrome-launcher/issues' },
48 silly resolved     homepage: 'https://github.com/karma-runner/karma-chrome-launcher#readme',
48 silly resolved     _id: 'karma-chrome-launcher@0.2.1',
48 silly resolved     _shasum: '851254e11caf126808b926cd507413f563d49cbf',
48 silly resolved     _from: 'karma-chrome-launcher@',
48 silly resolved     _npmVersion: '3.3.5',
48 silly resolved     _nodeVersion: '4.1.2',
48 silly resolved     _npmUser: { name: 'dignifiedquire', email: 'dignifiedquire@gmail.com' },
48 silly resolved     dist:
48 silly resolved      { shasum: '851254e11caf126808b926cd507413f563d49cbf',
48 silly resolved        tarball: 'http://registry.npmjs.org/karma-chrome-launcher/-/karma-chrome-launcher-0.2.1.tgz' },
48 silly resolved     maintainers: [ [Object], [Object], [Object], [Object] ],
48 silly resolved     directories: {},
48 silly resolved     _resolved: 'https://registry.npmjs.org/karma-chrome-launcher/-/karma-chrome-launcher-0.2.1.tgz' } ]
49 info install karma-chrome-launcher@0.2.1 into /home/alex/Escritorio/practica4
50 info installOne karma-chrome-launcher@0.2.1
51 verbose node_modules/karma-chrome-launcher unbuild
52 verbose tar unpack /home/alex/.npm/karma-chrome-launcher/0.2.1/package.tgz
53 silly lockFile 4d2e2bd1-de-modules-karma-chrome-launcher tar:///home/alex/Escritorio/practica4/node_modules/karma-chrome-launcher
54 verbose lock tar:///home/alex/Escritorio/practica4/node_modules/karma-chrome-launcher /home/alex/.npm/4d2e2bd1-de-modules-karma-chrome-launcher.lock
55 silly lockFile 5944cb05-hrome-launcher-0-2-1-package-tgz tar:///home/alex/.npm/karma-chrome-launcher/0.2.1/package.tgz
56 verbose lock tar:///home/alex/.npm/karma-chrome-launcher/0.2.1/package.tgz /home/alex/.npm/5944cb05-hrome-launcher-0-2-1-package-tgz.lock
57 silly gunzTarPerm modes [ '775', '664' ]
58 silly gunzTarPerm extractEntry package.json
59 silly gunzTarPerm modified mode [ 'package.json', 420, 436 ]
60 silly gunzTarPerm extractEntry README.md
61 silly gunzTarPerm modified mode [ 'README.md', 420, 436 ]
62 silly gunzTarPerm extractEntry LICENSE
63 silly gunzTarPerm modified mode [ 'LICENSE', 420, 436 ]
64 silly gunzTarPerm extractEntry gruntfile.js
65 silly gunzTarPerm modified mode [ 'gruntfile.js', 420, 436 ]
66 silly gunzTarPerm extractEntry index.js
67 silly gunzTarPerm modified mode [ 'index.js', 420, 436 ]
68 silly gunzTarPerm extractEntry examples/simple/index.spec.js
69 silly gunzTarPerm modified mode [ 'examples/simple/index.spec.js', 420, 436 ]
70 silly gunzTarPerm extractEntry examples/simple/karma.conf.js
71 silly gunzTarPerm modified mode [ 'examples/simple/karma.conf.js', 420, 436 ]
72 silly gunzTarPerm extractEntry CHANGELOG.md
73 silly gunzTarPerm modified mode [ 'CHANGELOG.md', 420, 436 ]
74 silly gunzTarPerm extractEntry test/jsflags.spec.js
75 silly gunzTarPerm modified mode [ 'test/jsflags.spec.js', 420, 436 ]
76 silly lockFile 4d2e2bd1-de-modules-karma-chrome-launcher tar:///home/alex/Escritorio/practica4/node_modules/karma-chrome-launcher
77 silly lockFile 4d2e2bd1-de-modules-karma-chrome-launcher tar:///home/alex/Escritorio/practica4/node_modules/karma-chrome-launcher
78 silly lockFile 5944cb05-hrome-launcher-0-2-1-package-tgz tar:///home/alex/.npm/karma-chrome-launcher/0.2.1/package.tgz
79 silly lockFile 5944cb05-hrome-launcher-0-2-1-package-tgz tar:///home/alex/.npm/karma-chrome-launcher/0.2.1/package.tgz
80 info preinstall karma-chrome-launcher@0.2.1
81 verbose readDependencies using package.json deps
82 verbose readDependencies using package.json deps
83 verbose cache add [ 'fs-access@^1.0.0', null ]
84 verbose cache add name=undefined spec="fs-access@^1.0.0" args=["fs-access@^1.0.0",null]
85 verbose parsed url { protocol: null,
85 verbose parsed url   slashes: null,
85 verbose parsed url   auth: null,
85 verbose parsed url   host: null,
85 verbose parsed url   port: null,
85 verbose parsed url   hostname: null,
85 verbose parsed url   hash: null,
85 verbose parsed url   search: null,
85 verbose parsed url   query: null,
85 verbose parsed url   pathname: 'fs-access@^1.0.0',
85 verbose parsed url   path: 'fs-access@^1.0.0',
85 verbose parsed url   href: 'fs-access@^1.0.0' }
86 verbose cache add [ 'which@^1.0.9', null ]
87 verbose cache add name=undefined spec="which@^1.0.9" args=["which@^1.0.9",null]
88 verbose parsed url { protocol: null,
88 verbose parsed url   slashes: null,
88 verbose parsed url   auth: null,
88 verbose parsed url   host: null,
88 verbose parsed url   port: null,
88 verbose parsed url   hostname: null,
88 verbose parsed url   hash: null,
88 verbose parsed url   search: null,
88 verbose parsed url   query: null,
88 verbose parsed url   pathname: 'which@^1.0.9',
88 verbose parsed url   path: 'which@^1.0.9',
88 verbose parsed url   href: 'which@^1.0.9' }
89 verbose cache add name="fs-access" spec="^1.0.0" args=["fs-access","^1.0.0"]
90 verbose parsed url { protocol: null,
90 verbose parsed url   slashes: null,
90 verbose parsed url   auth: null,
90 verbose parsed url   host: null,
90 verbose parsed url   port: null,
90 verbose parsed url   hostname: null,
90 verbose parsed url   hash: null,
90 verbose parsed url   search: null,
90 verbose parsed url   query: null,
90 verbose parsed url   pathname: '^1.0.0',
90 verbose parsed url   path: '^1.0.0',
90 verbose parsed url   href: '^1.0.0' }
91 verbose addNamed [ 'fs-access', '^1.0.0' ]
92 verbose addNamed [ null, '>=1.0.0-0 <2.0.0-0' ]
93 silly lockFile 21bf52a4-fs-access-1-0-0 fs-access@^1.0.0
94 verbose lock fs-access@^1.0.0 /home/alex/.npm/21bf52a4-fs-access-1-0-0.lock
95 verbose cache add name="which" spec="^1.0.9" args=["which","^1.0.9"]
96 verbose parsed url { protocol: null,
96 verbose parsed url   slashes: null,
96 verbose parsed url   auth: null,
96 verbose parsed url   host: null,
96 verbose parsed url   port: null,
96 verbose parsed url   hostname: null,
96 verbose parsed url   hash: null,
96 verbose parsed url   search: null,
96 verbose parsed url   query: null,
96 verbose parsed url   pathname: '^1.0.9',
96 verbose parsed url   path: '^1.0.9',
96 verbose parsed url   href: '^1.0.9' }
97 verbose addNamed [ 'which', '^1.0.9' ]
98 verbose addNamed [ null, '>=1.0.9-0 <2.0.0-0' ]
99 silly lockFile e67b616b-which-1-0-9 which@^1.0.9
100 verbose lock which@^1.0.9 /home/alex/.npm/e67b616b-which-1-0-9.lock
101 silly addNameRange { name: 'fs-access',
101 silly addNameRange   range: '>=1.0.0-0 <2.0.0-0',
101 silly addNameRange   hasData: false }
102 verbose request where is /fs-access
103 verbose request registry https://registry.npmjs.org/
104 verbose url raw /fs-access
105 verbose url resolving [ 'https://registry.npmjs.org/', './fs-access' ]
106 verbose url resolved https://registry.npmjs.org/fs-access
107 verbose request where is https://registry.npmjs.org/fs-access
108 info trying registry request attempt 1 at 16:56:37
109 http GET https://registry.npmjs.org/fs-access
110 silly addNameRange { name: 'which', range: '>=1.0.9-0 <2.0.0-0', hasData: false }
111 verbose request where is /which
112 verbose request registry https://registry.npmjs.org/
113 verbose url raw /which
114 verbose url resolving [ 'https://registry.npmjs.org/', './which' ]
115 verbose url resolved https://registry.npmjs.org/which
116 verbose request where is https://registry.npmjs.org/which
117 info trying registry request attempt 1 at 16:56:37
118 http GET https://registry.npmjs.org/which
119 http 200 https://registry.npmjs.org/which
120 silly registry.get cb [ 200,
120 silly registry.get   { server: 'CouchDB/1.5.0 (Erlang OTP/R16B03)',
120 silly registry.get     etag: '"120NFT01U2TUD96TEVT782NG7"',
120 silly registry.get     'content-type': 'application/json',
120 silly registry.get     'cache-control': 'max-age=60',
120 silly registry.get     'content-length': '14524',
120 silly registry.get     'accept-ranges': 'bytes',
120 silly registry.get     date: 'Thu, 22 Oct 2015 15:56:37 GMT',
120 silly registry.get     via: '1.1 varnish',
120 silly registry.get     age: '26',
120 silly registry.get     connection: 'keep-alive',
120 silly registry.get     'x-served-by': 'cache-lcy1130-LCY',
120 silly registry.get     'x-cache': 'HIT',
120 silly registry.get     'x-cache-hits': '4',
120 silly registry.get     'x-timer': 'S1445529397.372743,VS0,VE0',
120 silly registry.get     vary: 'Accept' } ]
121 silly addNameRange number 2 { name: 'which', range: '>=1.0.9-0 <2.0.0-0', hasData: true }
122 silly addNameRange versions [ 'which',
122 silly addNameRange   [ '1.0.0',
122 silly addNameRange     '1.0.1',
122 silly addNameRange     '1.0.2',
122 silly addNameRange     '1.0.3',
122 silly addNameRange     '1.0.5',
122 silly addNameRange     '1.0.6',
122 silly addNameRange     '1.0.7',
122 silly addNameRange     '1.0.8',
122 silly addNameRange     '1.0.9',
122 silly addNameRange     '1.1.0',
122 silly addNameRange     '1.1.1',
122 silly addNameRange     '1.1.2',
122 silly addNameRange     '1.2.0' ] ]
123 verbose addNamed [ 'which', '1.2.0' ]
124 verbose addNamed [ '1.2.0', '1.2.0' ]
125 silly lockFile f4a1a703-which-1-2-0 which@1.2.0
126 verbose lock which@1.2.0 /home/alex/.npm/f4a1a703-which-1-2-0.lock
127 silly lockFile bc653cfb--npmjs-org-which-which-1-2-0-tgz https://registry.npmjs.org/which/-/which-1.2.0.tgz
128 verbose lock https://registry.npmjs.org/which/-/which-1.2.0.tgz /home/alex/.npm/bc653cfb--npmjs-org-which-which-1-2-0-tgz.lock
129 verbose addRemoteTarball [ 'https://registry.npmjs.org/which/-/which-1.2.0.tgz',
129 verbose addRemoteTarball   'a5c8df5abc792f6ce9652c8d9ca8f3a91b77e59d' ]
130 info retry fetch attempt 1 at 16:56:37
131 verbose fetch to= /tmp/npm-3592-CzjBPk30/registry.npmjs.org/which/-/which-1.2.0.tgz
132 http GET https://registry.npmjs.org/which/-/which-1.2.0.tgz
133 http 200 https://registry.npmjs.org/fs-access
134 silly registry.get cb [ 200,
134 silly registry.get   { server: 'CouchDB/1.5.0 (Erlang OTP/R16B03)',
134 silly registry.get     etag: '"654EF69VBFIVDU2UWTW4S4KKW"',
134 silly registry.get     'content-type': 'application/json',
134 silly registry.get     'cache-control': 'max-age=60',
134 silly registry.get     'content-length': '3303',
134 silly registry.get     'accept-ranges': 'bytes',
134 silly registry.get     date: 'Thu, 22 Oct 2015 15:56:37 GMT',
134 silly registry.get     via: '1.1 varnish',
134 silly registry.get     age: '0',
134 silly registry.get     connection: 'keep-alive',
134 silly registry.get     'x-served-by': 'cache-lcy1132-LCY',
134 silly registry.get     'x-cache': 'HIT',
134 silly registry.get     'x-cache-hits': '1',
134 silly registry.get     'x-timer': 'S1445529397.367530,VS0,VE91',
134 silly registry.get     vary: 'Accept' } ]
135 silly addNameRange number 2 { name: 'fs-access', range: '>=1.0.0-0 <2.0.0-0', hasData: true }
136 silly addNameRange versions [ 'fs-access', [ '1.0.0' ] ]
137 verbose addNamed [ 'fs-access', '1.0.0' ]
138 verbose addNamed [ '1.0.0', '1.0.0' ]
139 silly lockFile 856bd949-fs-access-1-0-0 fs-access@1.0.0
140 verbose lock fs-access@1.0.0 /home/alex/.npm/856bd949-fs-access-1-0-0.lock
141 silly lockFile 0e04f4b4-rg-fs-access-fs-access-1-0-0-tgz https://registry.npmjs.org/fs-access/-/fs-access-1.0.0.tgz
142 verbose lock https://registry.npmjs.org/fs-access/-/fs-access-1.0.0.tgz /home/alex/.npm/0e04f4b4-rg-fs-access-fs-access-1-0-0-tgz.lock
143 verbose addRemoteTarball [ 'https://registry.npmjs.org/fs-access/-/fs-access-1.0.0.tgz',
143 verbose addRemoteTarball   'e96872b1f415ae302bdda4ef05309eb4bde1934c' ]
144 info retry fetch attempt 1 at 16:56:37
145 verbose fetch to= /tmp/npm-3592-CzjBPk30/registry.npmjs.org/fs-access/-/fs-access-1.0.0.tgz
146 http GET https://registry.npmjs.org/fs-access/-/fs-access-1.0.0.tgz
147 http 200 https://registry.npmjs.org/which/-/which-1.2.0.tgz
148 silly lockFile bc653cfb--npmjs-org-which-which-1-2-0-tgz https://registry.npmjs.org/which/-/which-1.2.0.tgz
149 silly lockFile bc653cfb--npmjs-org-which-which-1-2-0-tgz https://registry.npmjs.org/which/-/which-1.2.0.tgz
150 silly lockFile f4a1a703-which-1-2-0 which@1.2.0
151 silly lockFile f4a1a703-which-1-2-0 which@1.2.0
152 silly lockFile e67b616b-which-1-0-9 which@^1.0.9
153 silly lockFile e67b616b-which-1-0-9 which@^1.0.9
154 http 200 https://registry.npmjs.org/fs-access/-/fs-access-1.0.0.tgz
155 silly lockFile 0e04f4b4-rg-fs-access-fs-access-1-0-0-tgz https://registry.npmjs.org/fs-access/-/fs-access-1.0.0.tgz
156 silly lockFile 0e04f4b4-rg-fs-access-fs-access-1-0-0-tgz https://registry.npmjs.org/fs-access/-/fs-access-1.0.0.tgz
157 silly lockFile 856bd949-fs-access-1-0-0 fs-access@1.0.0
158 silly lockFile 856bd949-fs-access-1-0-0 fs-access@1.0.0
159 silly lockFile 21bf52a4-fs-access-1-0-0 fs-access@^1.0.0
160 silly lockFile 21bf52a4-fs-access-1-0-0 fs-access@^1.0.0
161 silly resolved [ { author:
161 silly resolved      { name: 'Isaac Z. Schlueter',
161 silly resolved        email: 'i@izs.me',
161 silly resolved        url: 'http://blog.izs.me' },
161 silly resolved     name: 'which',
161 silly resolved     description: 'Like which(1) unix command. Find the first instance of an executable in the PATH.',
161 silly resolved     version: '1.2.0',
161 silly resolved     repository: { type: 'git', url: 'git://github.com/isaacs/node-which.git' },
161 silly resolved     main: 'which.js',
161 silly resolved     bin: { which: './bin/which' },
161 silly resolved     license: 'ISC',
161 silly resolved     dependencies: { 'is-absolute': '^0.1.7' },
161 silly resolved     devDependencies: { mkdirp: '^0.5.0', rimraf: '^2.3.3', tap: '^2.0.0' },
161 silly resolved     scripts: { test: 'tap test/*.js' },
161 silly resolved     gitHead: '98925d6bced9ba820a17fd857e7a53a491958419',
161 silly resolved     bugs: { url: 'https://github.com/isaacs/node-which/issues' },
161 silly resolved     homepage: 'https://github.com/isaacs/node-which#readme',
161 silly resolved     _id: 'which@1.2.0',
161 silly resolved     _shasum: 'a5c8df5abc792f6ce9652c8d9ca8f3a91b77e59d',
161 silly resolved     _from: 'which@^1.0.9',
161 silly resolved     _npmVersion: '3.3.2',
161 silly resolved     _nodeVersion: '4.0.0',
161 silly resolved     _npmUser: { name: 'isaacs', email: 'isaacs@npmjs.com' },
161 silly resolved     dist:
161 silly resolved      { shasum: 'a5c8df5abc792f6ce9652c8d9ca8f3a91b77e59d',
161 silly resolved        tarball: 'http://registry.npmjs.org/which/-/which-1.2.0.tgz' },
161 silly resolved     maintainers: [ [Object] ],
161 silly resolved     directories: {},
161 silly resolved     _resolved: 'https://registry.npmjs.org/which/-/which-1.2.0.tgz' },
161 silly resolved   { name: 'fs-access',
161 silly resolved     version: '1.0.0',
161 silly resolved     description: 'Node.js 0.12 fs.access() & fs.accessSync() ponyfill',
161 silly resolved     license: 'MIT',
161 silly resolved     repository:
161 silly resolved      { type: 'git',
161 silly resolved        url: 'https://github.com/sindresorhus/fs-access' },
161 silly resolved     author:
161 silly resolved      { name: 'Sindre Sorhus',
161 silly resolved        email: 'sindresorhus@gmail.com',
161 silly resolved        url: 'sindresorhus.com' },
161 silly resolved     engines: { node: '>=0.10.0' },
161 silly resolved     scripts: { test: 'node test.js' },
161 silly resolved     files: [ 'index.js' ],
161 silly resolved     keywords:
161 silly resolved      [ 'built-in',
161 silly resolved        'core',
161 silly resolved        'ponyfill',
161 silly resolved        'polyfill',
161 silly resolved        'shim',
161 silly resolved        'fs',
161 silly resolved        'access',
161 silly resolved        'stat',
161 silly resolved        'mode',
161 silly resolved        'permission',
161 silly resolved        'user',
161 silly resolved        'process',
161 silly resolved        'check' ],
161 silly resolved     dependencies: { 'null-check': '^1.0.0' },
161 silly resolved     devDependencies: { 'os-tmpdir': '^1.0.0' },
161 silly resolved     gitHead: '66bbcd8a8b26a4f0ccdee1cd5ea8f6256596d155',
161 silly resolved     bugs: { url: 'https://github.com/sindresorhus/fs-access/issues' },
161 silly resolved     homepage: 'https://github.com/sindresorhus/fs-access',
161 silly resolved     _id: 'fs-access@1.0.0',
161 silly resolved     _shasum: 'e96872b1f415ae302bdda4ef05309eb4bde1934c',
161 silly resolved     _from: 'fs-access@^1.0.0',
161 silly resolved     _npmVersion: '2.7.4',
161 silly resolved     _nodeVersion: '0.12.2',
161 silly resolved     _npmUser: { name: 'sindresorhus', email: 'sindresorhus@gmail.com' },
161 silly resolved     dist:
161 silly resolved      { shasum: 'e96872b1f415ae302bdda4ef05309eb4bde1934c',
161 silly resolved        tarball: 'http://registry.npmjs.org/fs-access/-/fs-access-1.0.0.tgz' },
161 silly resolved     maintainers: [ [Object] ],
161 silly resolved     directories: {},
161 silly resolved     _resolved: 'https://registry.npmjs.org/fs-access/-/fs-access-1.0.0.tgz' } ]
162 info install which@1.2.0 into /home/alex/Escritorio/practica4/node_modules/karma-chrome-launcher
163 info install fs-access@1.0.0 into /home/alex/Escritorio/practica4/node_modules/karma-chrome-launcher
164 info installOne which@1.2.0
165 info installOne fs-access@1.0.0
166 verbose node_modules/karma-chrome-launcher/node_modules/which unbuild
167 verbose node_modules/karma-chrome-launcher/node_modules/fs-access unbuild
168 verbose tar unpack /home/alex/.npm/which/1.2.0/package.tgz
169 silly lockFile 6e42e111-rome-launcher-node-modules-which tar:///home/alex/Escritorio/practica4/node_modules/karma-chrome-launcher/node_modules/which
170 verbose lock tar:///home/alex/Escritorio/practica4/node_modules/karma-chrome-launcher/node_modules/which /home/alex/.npm/6e42e111-rome-launcher-node-modules-which.lock
171 silly lockFile eb4b9169-alex-npm-which-1-2-0-package-tgz tar:///home/alex/.npm/which/1.2.0/package.tgz
172 verbose lock tar:///home/alex/.npm/which/1.2.0/package.tgz /home/alex/.npm/eb4b9169-alex-npm-which-1-2-0-package-tgz.lock
173 verbose tar unpack /home/alex/.npm/fs-access/1.0.0/package.tgz
174 silly lockFile c352d07e--launcher-node-modules-fs-access tar:///home/alex/Escritorio/practica4/node_modules/karma-chrome-launcher/node_modules/fs-access
175 verbose lock tar:///home/alex/Escritorio/practica4/node_modules/karma-chrome-launcher/node_modules/fs-access /home/alex/.npm/c352d07e--launcher-node-modules-fs-access.lock
176 silly lockFile 86e18c51--npm-fs-access-1-0-0-package-tgz tar:///home/alex/.npm/fs-access/1.0.0/package.tgz
177 verbose lock tar:///home/alex/.npm/fs-access/1.0.0/package.tgz /home/alex/.npm/86e18c51--npm-fs-access-1-0-0-package-tgz.lock
178 silly gunzTarPerm modes [ '775', '664' ]
179 silly gunzTarPerm modes [ '775', '664' ]
180 silly gunzTarPerm extractEntry package.json
181 silly gunzTarPerm modified mode [ 'package.json', 420, 436 ]
182 silly gunzTarPerm extractEntry package.json
183 silly gunzTarPerm modified mode [ 'package.json', 420, 436 ]
184 silly gunzTarPerm extractEntry README.md
185 silly gunzTarPerm modified mode [ 'README.md', 420, 436 ]
186 silly gunzTarPerm extractEntry LICENSE
187 silly gunzTarPerm modified mode [ 'LICENSE', 420, 436 ]
188 silly gunzTarPerm extractEntry index.js
189 silly gunzTarPerm modified mode [ 'index.js', 420, 436 ]
190 silly gunzTarPerm extractEntry license
191 silly gunzTarPerm modified mode [ 'license', 420, 436 ]
192 silly gunzTarPerm extractEntry which.js
193 silly gunzTarPerm modified mode [ 'which.js', 420, 436 ]
194 silly gunzTarPerm extractEntry .travis.yml
195 silly gunzTarPerm modified mode [ '.travis.yml', 420, 436 ]
196 silly gunzTarPerm extractEntry readme.md
197 silly gunzTarPerm modified mode [ 'readme.md', 420, 436 ]
198 silly gunzTarPerm extractEntry bin/which
199 silly gunzTarPerm modified mode [ 'bin/which', 493, 509 ]
200 silly gunzTarPerm extractEntry test/basic.js
201 silly gunzTarPerm modified mode [ 'test/basic.js', 420, 436 ]
202 silly gunzTarPerm extractEntry test/bin.js
203 silly gunzTarPerm modified mode [ 'test/bin.js', 420, 436 ]
204 silly lockFile c352d07e--launcher-node-modules-fs-access tar:///home/alex/Escritorio/practica4/node_modules/karma-chrome-launcher/node_modules/fs-access
205 silly lockFile c352d07e--launcher-node-modules-fs-access tar:///home/alex/Escritorio/practica4/node_modules/karma-chrome-launcher/node_modules/fs-access
206 silly lockFile 86e18c51--npm-fs-access-1-0-0-package-tgz tar:///home/alex/.npm/fs-access/1.0.0/package.tgz
207 silly lockFile 86e18c51--npm-fs-access-1-0-0-package-tgz tar:///home/alex/.npm/fs-access/1.0.0/package.tgz
208 info preinstall fs-access@1.0.0
209 verbose readDependencies using package.json deps
210 verbose readDependencies using package.json deps
211 verbose cache add [ 'null-check@^1.0.0', null ]
212 verbose cache add name=undefined spec="null-check@^1.0.0" args=["null-check@^1.0.0",null]
213 verbose parsed url { protocol: null,
213 verbose parsed url   slashes: null,
213 verbose parsed url   auth: null,
213 verbose parsed url   host: null,
213 verbose parsed url   port: null,
213 verbose parsed url   hostname: null,
213 verbose parsed url   hash: null,
213 verbose parsed url   search: null,
213 verbose parsed url   query: null,
213 verbose parsed url   pathname: 'null-check@^1.0.0',
213 verbose parsed url   path: 'null-check@^1.0.0',
213 verbose parsed url   href: 'null-check@^1.0.0' }
214 verbose cache add name="null-check" spec="^1.0.0" args=["null-check","^1.0.0"]
215 verbose parsed url { protocol: null,
215 verbose parsed url   slashes: null,
215 verbose parsed url   auth: null,
215 verbose parsed url   host: null,
215 verbose parsed url   port: null,
215 verbose parsed url   hostname: null,
215 verbose parsed url   hash: null,
215 verbose parsed url   search: null,
215 verbose parsed url   query: null,
215 verbose parsed url   pathname: '^1.0.0',
215 verbose parsed url   path: '^1.0.0',
215 verbose parsed url   href: '^1.0.0' }
216 verbose addNamed [ 'null-check', '^1.0.0' ]
217 verbose addNamed [ null, '>=1.0.0-0 <2.0.0-0' ]
218 silly lockFile 5505b303-null-check-1-0-0 null-check@^1.0.0
219 verbose lock null-check@^1.0.0 /home/alex/.npm/5505b303-null-check-1-0-0.lock
220 silly addNameRange { name: 'null-check',
220 silly addNameRange   range: '>=1.0.0-0 <2.0.0-0',
220 silly addNameRange   hasData: false }
221 verbose request where is /null-check
222 verbose request registry https://registry.npmjs.org/
223 verbose url raw /null-check
224 verbose url resolving [ 'https://registry.npmjs.org/', './null-check' ]
225 verbose url resolved https://registry.npmjs.org/null-check
226 verbose request where is https://registry.npmjs.org/null-check
227 info trying registry request attempt 1 at 16:56:37
228 http GET https://registry.npmjs.org/null-check
229 silly lockFile 6e42e111-rome-launcher-node-modules-which tar:///home/alex/Escritorio/practica4/node_modules/karma-chrome-launcher/node_modules/which
230 silly lockFile 6e42e111-rome-launcher-node-modules-which tar:///home/alex/Escritorio/practica4/node_modules/karma-chrome-launcher/node_modules/which
231 silly lockFile eb4b9169-alex-npm-which-1-2-0-package-tgz tar:///home/alex/.npm/which/1.2.0/package.tgz
232 silly lockFile eb4b9169-alex-npm-which-1-2-0-package-tgz tar:///home/alex/.npm/which/1.2.0/package.tgz
233 info preinstall which@1.2.0
234 verbose readDependencies using package.json deps
235 verbose readDependencies using package.json deps
236 verbose cache add [ 'is-absolute@^0.1.7', null ]
237 verbose cache add name=undefined spec="is-absolute@^0.1.7" args=["is-absolute@^0.1.7",null]
238 verbose parsed url { protocol: null,
238 verbose parsed url   slashes: null,
238 verbose parsed url   auth: null,
238 verbose parsed url   host: null,
238 verbose parsed url   port: null,
238 verbose parsed url   hostname: null,
238 verbose parsed url   hash: null,
238 verbose parsed url   search: null,
238 verbose parsed url   query: null,
238 verbose parsed url   pathname: 'is-absolute@^0.1.7',
238 verbose parsed url   path: 'is-absolute@^0.1.7',
238 verbose parsed url   href: 'is-absolute@^0.1.7' }
239 verbose cache add name="is-absolute" spec="^0.1.7" args=["is-absolute","^0.1.7"]
240 verbose parsed url { protocol: null,
240 verbose parsed url   slashes: null,
240 verbose parsed url   auth: null,
240 verbose parsed url   host: null,
240 verbose parsed url   port: null,
240 verbose parsed url   hostname: null,
240 verbose parsed url   hash: null,
240 verbose parsed url   search: null,
240 verbose parsed url   query: null,
240 verbose parsed url   pathname: '^0.1.7',
240 verbose parsed url   path: '^0.1.7',
240 verbose parsed url   href: '^0.1.7' }
241 verbose addNamed [ 'is-absolute', '^0.1.7' ]
242 verbose addNamed [ null, '>=0.1.7-0 <0.2.0-0' ]
243 silly lockFile 254233ac-is-absolute-0-1-7 is-absolute@^0.1.7
244 verbose lock is-absolute@^0.1.7 /home/alex/.npm/254233ac-is-absolute-0-1-7.lock
245 silly addNameRange { name: 'is-absolute',
245 silly addNameRange   range: '>=0.1.7-0 <0.2.0-0',
245 silly addNameRange   hasData: false }
246 verbose request where is /is-absolute
247 verbose request registry https://registry.npmjs.org/
248 verbose url raw /is-absolute
249 verbose url resolving [ 'https://registry.npmjs.org/', './is-absolute' ]
250 verbose url resolved https://registry.npmjs.org/is-absolute
251 verbose request where is https://registry.npmjs.org/is-absolute
252 info trying registry request attempt 1 at 16:56:37
253 http GET https://registry.npmjs.org/is-absolute
254 http 200 https://registry.npmjs.org/is-absolute
255 silly registry.get cb [ 200,
255 silly registry.get   { server: 'CouchDB/1.5.0 (Erlang OTP/R16B03)',
255 silly registry.get     etag: '"361BQVD4MP7CF0P4Z45CVU6SJ"',
255 silly registry.get     'content-type': 'application/json',
255 silly registry.get     'cache-control': 'max-age=60',
255 silly registry.get     'content-length': '16588',
255 silly registry.get     'accept-ranges': 'bytes',
255 silly registry.get     date: 'Thu, 22 Oct 2015 15:56:38 GMT',
255 silly registry.get     via: '1.1 varnish',
255 silly registry.get     age: '3',
255 silly registry.get     connection: 'keep-alive',
255 silly registry.get     'x-served-by': 'cache-lcy1134-LCY',
255 silly registry.get     'x-cache': 'HIT',
255 silly registry.get     'x-cache-hits': '1',
255 silly registry.get     'x-timer': 'S1445529398.068737,VS0,VE0',
255 silly registry.get     vary: 'Accept' } ]
256 silly addNameRange number 2 { name: 'is-absolute',
256 silly addNameRange   range: '>=0.1.7-0 <0.2.0-0',
256 silly addNameRange   hasData: true }
257 silly addNameRange versions [ 'is-absolute',
257 silly addNameRange   [ '0.1.0',
257 silly addNameRange     '0.1.1',
257 silly addNameRange     '0.1.2',
257 silly addNameRange     '0.1.3',
257 silly addNameRange     '0.1.4',
257 silly addNameRange     '0.1.5',
257 silly addNameRange     '0.1.7',
257 silly addNameRange     '0.2.0',
257 silly addNameRange     '0.2.1',
257 silly addNameRange     '0.2.2' ] ]
258 verbose addNamed [ 'is-absolute', '0.1.7' ]
259 verbose addNamed [ '0.1.7', '0.1.7' ]
260 silly lockFile b802a0e0-is-absolute-0-1-7 is-absolute@0.1.7
261 verbose lock is-absolute@0.1.7 /home/alex/.npm/b802a0e0-is-absolute-0-1-7.lock
262 silly lockFile 15a43819-s-absolute-is-absolute-0-1-7-tgz https://registry.npmjs.org/is-absolute/-/is-absolute-0.1.7.tgz
263 verbose lock https://registry.npmjs.org/is-absolute/-/is-absolute-0.1.7.tgz /home/alex/.npm/15a43819-s-absolute-is-absolute-0-1-7-tgz.lock
264 verbose addRemoteTarball [ 'https://registry.npmjs.org/is-absolute/-/is-absolute-0.1.7.tgz',
264 verbose addRemoteTarball   '847491119fccb5fb436217cc737f7faad50f603f' ]
265 info retry fetch attempt 1 at 16:56:38
266 verbose fetch to= /tmp/npm-3592-CzjBPk30/registry.npmjs.org/is-absolute/-/is-absolute-0.1.7.tgz
267 http GET https://registry.npmjs.org/is-absolute/-/is-absolute-0.1.7.tgz
268 http 200 https://registry.npmjs.org/null-check
269 silly registry.get cb [ 200,
269 silly registry.get   { server: 'CouchDB/1.5.0 (Erlang OTP/R16B03)',
269 silly registry.get     etag: '"1GL76T9T4VULOQLIHGUIXWZJY"',
269 silly registry.get     'content-type': 'application/json',
269 silly registry.get     'cache-control': 'max-age=60',
269 silly registry.get     'content-length': '3648',
269 silly registry.get     'accept-ranges': 'bytes',
269 silly registry.get     date: 'Thu, 22 Oct 2015 15:56:38 GMT',
269 silly registry.get     via: '1.1 varnish',
269 silly registry.get     age: '0',
269 silly registry.get     connection: 'keep-alive',
269 silly registry.get     'x-served-by': 'cache-lcy1125-LCY',
269 silly registry.get     'x-cache': 'HIT',
269 silly registry.get     'x-cache-hits': '1',
269 silly registry.get     'x-timer': 'S1445529398.069464,VS0,VE175',
269 silly registry.get     vary: 'Accept' } ]
270 silly addNameRange number 2 { name: 'null-check',
270 silly addNameRange   range: '>=1.0.0-0 <2.0.0-0',
270 silly addNameRange   hasData: true }
271 silly addNameRange versions [ 'null-check', [ '1.0.0', '2.0.0' ] ]
272 verbose addNamed [ 'null-check', '1.0.0' ]
273 verbose addNamed [ '1.0.0', '1.0.0' ]
274 silly lockFile fbcaced9-null-check-1-0-0 null-check@1.0.0
275 verbose lock null-check@1.0.0 /home/alex/.npm/fbcaced9-null-check-1-0-0.lock
276 silly lockFile 679e3d45--null-check-null-check-1-0-0-tgz https://registry.npmjs.org/null-check/-/null-check-1.0.0.tgz
277 verbose lock https://registry.npmjs.org/null-check/-/null-check-1.0.0.tgz /home/alex/.npm/679e3d45--null-check-null-check-1-0-0-tgz.lock
278 verbose addRemoteTarball [ 'https://registry.npmjs.org/null-check/-/null-check-1.0.0.tgz',
278 verbose addRemoteTarball   '977dffd7176012b9ec30d2a39db5cf72a0439edd' ]
279 info retry fetch attempt 1 at 16:56:38
280 verbose fetch to= /tmp/npm-3592-CzjBPk30/registry.npmjs.org/null-check/-/null-check-1.0.0.tgz
281 http GET https://registry.npmjs.org/null-check/-/null-check-1.0.0.tgz
282 http 200 https://registry.npmjs.org/is-absolute/-/is-absolute-0.1.7.tgz
283 silly lockFile 15a43819-s-absolute-is-absolute-0-1-7-tgz https://registry.npmjs.org/is-absolute/-/is-absolute-0.1.7.tgz
284 silly lockFile 15a43819-s-absolute-is-absolute-0-1-7-tgz https://registry.npmjs.org/is-absolute/-/is-absolute-0.1.7.tgz
285 silly lockFile b802a0e0-is-absolute-0-1-7 is-absolute@0.1.7
286 silly lockFile b802a0e0-is-absolute-0-1-7 is-absolute@0.1.7
287 silly lockFile 254233ac-is-absolute-0-1-7 is-absolute@^0.1.7
288 silly lockFile 254233ac-is-absolute-0-1-7 is-absolute@^0.1.7
289 silly resolved [ { name: 'is-absolute',
289 silly resolved     description: 'Return true if a file path is absolute.',
289 silly resolved     version: '0.1.7',
289 silly resolved     homepage: 'https://github.com/jonschlinkert/is-absolute',
289 silly resolved     author:
289 silly resolved      { name: 'Jon Schlinkert',
289 silly resolved        url: 'https://github.com/jonschlinkert' },
289 silly resolved     repository:
289 silly resolved      { type: 'git',
289 silly resolved        url: 'git://github.com/jonschlinkert/is-absolute.git' },
289 silly resolved     bugs: { url: 'https://github.com/jonschlinkert/is-absolute/issues' },
289 silly resolved     license:
289 silly resolved      { type: 'MIT',
289 silly resolved        url: 'https://github.com/jonschlinkert/is-absolute/blob/master/LICENSE' },
289 silly resolved     files: [ 'index.js' ],
289 silly resolved     main: 'index.js',
289 silly resolved     engines: { node: '>=0.10.0' },
289 silly resolved     scripts: { test: 'mocha' },
289 silly resolved     dependencies: { 'is-relative': '^0.1.0' },
289 silly resolved     devDependencies: { mocha: '*' },
289 silly resolved     keywords:
289 silly resolved      [ 'absolute',
289 silly resolved        'check',
289 silly resolved        'file',
289 silly resolved        'filepath',
289 silly resolved        'is',
289 silly resolved        'normalize',
289 silly resolved        'path',
289 silly resolved        'path.relative',
289 silly resolved        'relative',
289 silly resolved        'resolve',
289 silly resolved        'slash',
289 silly resolved        'slashes',
289 silly resolved        'uri',
289 silly resolved        'url' ],
289 silly resolved     gitHead: '90cca7b671620bf28b778a61fddc8a986a2e1095',
289 silly resolved     _id: 'is-absolute@0.1.7',
289 silly resolved     _shasum: '847491119fccb5fb436217cc737f7faad50f603f',
289 silly resolved     _from: 'is-absolute@^0.1.7',
289 silly resolved     _npmVersion: '2.5.1',
289 silly resolved     _nodeVersion: '0.12.0',
289 silly resolved     _npmUser: { name: 'jonschlinkert', email: 'github@sellside.com' },
289 silly resolved     maintainers: [ [Object] ],
289 silly resolved     dist:
289 silly resolved      { shasum: '847491119fccb5fb436217cc737f7faad50f603f',
289 silly resolved        tarball: 'http://registry.npmjs.org/is-absolute/-/is-absolute-0.1.7.tgz' },
289 silly resolved     directories: {},
289 silly resolved     _resolved: 'https://registry.npmjs.org/is-absolute/-/is-absolute-0.1.7.tgz' } ]
290 info install is-absolute@0.1.7 into /home/alex/Escritorio/practica4/node_modules/karma-chrome-launcher/node_modules/which
291 info installOne is-absolute@0.1.7
292 verbose node_modules/karma-chrome-launcher/node_modules/which/node_modules/is-absolute unbuild
293 verbose tar unpack /home/alex/.npm/is-absolute/0.1.7/package.tgz
294 silly lockFile 8f4f05f3-s-which-node-modules-is-absolute tar:///home/alex/Escritorio/practica4/node_modules/karma-chrome-launcher/node_modules/which/node_modules/is-absolute
295 verbose lock tar:///home/alex/Escritorio/practica4/node_modules/karma-chrome-launcher/node_modules/which/node_modules/is-absolute /home/alex/.npm/8f4f05f3-s-which-node-modules-is-absolute.lock
296 silly lockFile 468bd870-pm-is-absolute-0-1-7-package-tgz tar:///home/alex/.npm/is-absolute/0.1.7/package.tgz
297 verbose lock tar:///home/alex/.npm/is-absolute/0.1.7/package.tgz /home/alex/.npm/468bd870-pm-is-absolute-0-1-7-package-tgz.lock
298 silly gunzTarPerm modes [ '775', '664' ]
299 silly gunzTarPerm extractEntry package.json
300 silly gunzTarPerm modified mode [ 'package.json', 420, 436 ]
301 silly gunzTarPerm extractEntry README.md
302 silly gunzTarPerm modified mode [ 'README.md', 420, 436 ]
303 silly gunzTarPerm extractEntry LICENSE
304 silly gunzTarPerm modified mode [ 'LICENSE', 420, 436 ]
305 silly gunzTarPerm extractEntry index.js
306 silly gunzTarPerm modified mode [ 'index.js', 420, 436 ]
307 silly lockFile 8f4f05f3-s-which-node-modules-is-absolute tar:///home/alex/Escritorio/practica4/node_modules/karma-chrome-launcher/node_modules/which/node_modules/is-absolute
308 silly lockFile 8f4f05f3-s-which-node-modules-is-absolute tar:///home/alex/Escritorio/practica4/node_modules/karma-chrome-launcher/node_modules/which/node_modules/is-absolute
309 silly lockFile 468bd870-pm-is-absolute-0-1-7-package-tgz tar:///home/alex/.npm/is-absolute/0.1.7/package.tgz
310 silly lockFile 468bd870-pm-is-absolute-0-1-7-package-tgz tar:///home/alex/.npm/is-absolute/0.1.7/package.tgz
311 info preinstall is-absolute@0.1.7
312 verbose readDependencies using package.json deps
313 verbose readDependencies using package.json deps
314 verbose cache add [ 'is-relative@^0.1.0', null ]
315 verbose cache add name=undefined spec="is-relative@^0.1.0" args=["is-relative@^0.1.0",null]
316 verbose parsed url { protocol: null,
316 verbose parsed url   slashes: null,
316 verbose parsed url   auth: null,
316 verbose parsed url   host: null,
316 verbose parsed url   port: null,
316 verbose parsed url   hostname: null,
316 verbose parsed url   hash: null,
316 verbose parsed url   search: null,
316 verbose parsed url   query: null,
316 verbose parsed url   pathname: 'is-relative@^0.1.0',
316 verbose parsed url   path: 'is-relative@^0.1.0',
316 verbose parsed url   href: 'is-relative@^0.1.0' }
317 verbose cache add name="is-relative" spec="^0.1.0" args=["is-relative","^0.1.0"]
318 verbose parsed url { protocol: null,
318 verbose parsed url   slashes: null,
318 verbose parsed url   auth: null,
318 verbose parsed url   host: null,
318 verbose parsed url   port: null,
318 verbose parsed url   hostname: null,
318 verbose parsed url   hash: null,
318 verbose parsed url   search: null,
318 verbose parsed url   query: null,
318 verbose parsed url   pathname: '^0.1.0',
318 verbose parsed url   path: '^0.1.0',
318 verbose parsed url   href: '^0.1.0' }
319 verbose addNamed [ 'is-relative', '^0.1.0' ]
320 verbose addNamed [ null, '>=0.1.0-0 <0.2.0-0' ]
321 silly lockFile 2182c86e-is-relative-0-1-0 is-relative@^0.1.0
322 verbose lock is-relative@^0.1.0 /home/alex/.npm/2182c86e-is-relative-0-1-0.lock
323 silly addNameRange { name: 'is-relative',
323 silly addNameRange   range: '>=0.1.0-0 <0.2.0-0',
323 silly addNameRange   hasData: false }
324 verbose request where is /is-relative
325 verbose request registry https://registry.npmjs.org/
326 verbose url raw /is-relative
327 verbose url resolving [ 'https://registry.npmjs.org/', './is-relative' ]
328 verbose url resolved https://registry.npmjs.org/is-relative
329 verbose request where is https://registry.npmjs.org/is-relative
330 info trying registry request attempt 1 at 16:56:38
331 http GET https://registry.npmjs.org/is-relative
332 http 200 https://registry.npmjs.org/null-check/-/null-check-1.0.0.tgz
333 silly lockFile 679e3d45--null-check-null-check-1-0-0-tgz https://registry.npmjs.org/null-check/-/null-check-1.0.0.tgz
334 silly lockFile 679e3d45--null-check-null-check-1-0-0-tgz https://registry.npmjs.org/null-check/-/null-check-1.0.0.tgz
335 silly lockFile fbcaced9-null-check-1-0-0 null-check@1.0.0
336 silly lockFile fbcaced9-null-check-1-0-0 null-check@1.0.0
337 silly lockFile 5505b303-null-check-1-0-0 null-check@^1.0.0
338 silly lockFile 5505b303-null-check-1-0-0 null-check@^1.0.0
339 silly resolved [ { name: 'null-check',
339 silly resolved     version: '1.0.0',
339 silly resolved     description: 'Ensure a path doesn\'t contain null bytes',
339 silly resolved     license: 'MIT',
339 silly resolved     repository:
339 silly resolved      { type: 'git',
339 silly resolved        url: 'https://github.com/sindresorhus/null-check' },
339 silly resolved     author:
339 silly resolved      { name: 'Sindre Sorhus',
339 silly resolved        email: 'sindresorhus@gmail.com',
339 silly resolved        url: 'sindresorhus.com' },
339 silly resolved     engines: { node: '>=0.10.0' },
339 silly resolved     scripts: { test: 'node test.js' },
339 silly resolved     files: [ 'index.js' ],
339 silly resolved     keywords:
339 silly resolved      [ 'built-in',
339 silly resolved        'core',
339 silly resolved        'ponyfill',
339 silly resolved        'polyfill',
339 silly resolved        'shim',
339 silly resolved        'fs',
339 silly resolved        'path',
339 silly resolved        'null',
339 silly resolved        'bytes',
339 silly resolved        'check' ],
339 silly resolved     devDependencies: { ava: '0.0.4' },
339 silly resolved     gitHead: 'bcdcbc68e4735aa5222a2c5575335041cd59ebaa',
339 silly resolved     bugs: { url: 'https://github.com/sindresorhus/null-check/issues' },
339 silly resolved     homepage: 'https://github.com/sindresorhus/null-check',
339 silly resolved     _id: 'null-check@1.0.0',
339 silly resolved     _shasum: '977dffd7176012b9ec30d2a39db5cf72a0439edd',
339 silly resolved     _from: 'null-check@^1.0.0',
339 silly resolved     _npmVersion: '2.7.4',
339 silly resolved     _nodeVersion: '0.12.2',
339 silly resolved     _npmUser: { name: 'sindresorhus', email: 'sindresorhus@gmail.com' },
339 silly resolved     dist:
339 silly resolved      { shasum: '977dffd7176012b9ec30d2a39db5cf72a0439edd',
339 silly resolved        tarball: 'http://registry.npmjs.org/null-check/-/null-check-1.0.0.tgz' },
339 silly resolved     maintainers: [ [Object] ],
339 silly resolved     directories: {},
339 silly resolved     _resolved: 'https://registry.npmjs.org/null-check/-/null-check-1.0.0.tgz' } ]
340 info install null-check@1.0.0 into /home/alex/Escritorio/practica4/node_modules/karma-chrome-launcher/node_modules/fs-access
341 info installOne null-check@1.0.0
342 verbose node_modules/karma-chrome-launcher/node_modules/fs-access/node_modules/null-check unbuild
343 verbose tar unpack /home/alex/.npm/null-check/1.0.0/package.tgz
344 silly lockFile 093743e9-s-access-node-modules-null-check tar:///home/alex/Escritorio/practica4/node_modules/karma-chrome-launcher/node_modules/fs-access/node_modules/null-check
345 verbose lock tar:///home/alex/Escritorio/practica4/node_modules/karma-chrome-launcher/node_modules/fs-access/node_modules/null-check /home/alex/.npm/093743e9-s-access-node-modules-null-check.lock
346 silly lockFile 4759cb32-npm-null-check-1-0-0-package-tgz tar:///home/alex/.npm/null-check/1.0.0/package.tgz
347 verbose lock tar:///home/alex/.npm/null-check/1.0.0/package.tgz /home/alex/.npm/4759cb32-npm-null-check-1-0-0-package-tgz.lock
348 silly gunzTarPerm modes [ '775', '664' ]
349 silly gunzTarPerm extractEntry package.json
350 silly gunzTarPerm modified mode [ 'package.json', 420, 436 ]
351 silly gunzTarPerm extractEntry index.js
352 silly gunzTarPerm modified mode [ 'index.js', 420, 436 ]
353 silly gunzTarPerm extractEntry license
354 silly gunzTarPerm modified mode [ 'license', 420, 436 ]
355 silly gunzTarPerm extractEntry readme.md
356 silly gunzTarPerm modified mode [ 'readme.md', 420, 436 ]
357 silly lockFile 093743e9-s-access-node-modules-null-check tar:///home/alex/Escritorio/practica4/node_modules/karma-chrome-launcher/node_modules/fs-access/node_modules/null-check
358 silly lockFile 093743e9-s-access-node-modules-null-check tar:///home/alex/Escritorio/practica4/node_modules/karma-chrome-launcher/node_modules/fs-access/node_modules/null-check
359 silly lockFile 4759cb32-npm-null-check-1-0-0-package-tgz tar:///home/alex/.npm/null-check/1.0.0/package.tgz
360 silly lockFile 4759cb32-npm-null-check-1-0-0-package-tgz tar:///home/alex/.npm/null-check/1.0.0/package.tgz
361 info preinstall null-check@1.0.0
362 verbose readDependencies using package.json deps
363 verbose readDependencies using package.json deps
364 silly resolved []
365 verbose about to build /home/alex/Escritorio/practica4/node_modules/karma-chrome-launcher/node_modules/fs-access/node_modules/null-check
366 info build /home/alex/Escritorio/practica4/node_modules/karma-chrome-launcher/node_modules/fs-access/node_modules/null-check
367 verbose linkStuff [ false,
367 verbose linkStuff   false,
367 verbose linkStuff   false,
367 verbose linkStuff   '/home/alex/Escritorio/practica4/node_modules/karma-chrome-launcher/node_modules/fs-access/node_modules' ]
368 info linkStuff null-check@1.0.0
369 verbose linkBins null-check@1.0.0
370 verbose linkMans null-check@1.0.0
371 verbose rebuildBundles null-check@1.0.0
372 info install null-check@1.0.0
373 info postinstall null-check@1.0.0
374 verbose about to build /home/alex/Escritorio/practica4/node_modules/karma-chrome-launcher/node_modules/fs-access
375 info build /home/alex/Escritorio/practica4/node_modules/karma-chrome-launcher/node_modules/fs-access
376 verbose linkStuff [ false,
376 verbose linkStuff   false,
376 verbose linkStuff   false,
376 verbose linkStuff   '/home/alex/Escritorio/practica4/node_modules/karma-chrome-launcher/node_modules' ]
377 info linkStuff fs-access@1.0.0
378 verbose linkBins fs-access@1.0.0
379 verbose linkMans fs-access@1.0.0
380 verbose rebuildBundles fs-access@1.0.0
381 verbose rebuildBundles [ 'null-check' ]
382 info install fs-access@1.0.0
383 info postinstall fs-access@1.0.0
384 http 200 https://registry.npmjs.org/is-relative
385 silly registry.get cb [ 200,
385 silly registry.get   { server: 'CouchDB/1.5.0 (Erlang OTP/R16B03)',
385 silly registry.get     etag: '"96AW5PE7LE078MLGG4XGGJNPM"',
385 silly registry.get     'content-type': 'application/json',
385 silly registry.get     'cache-control': 'max-age=60',
385 silly registry.get     'content-length': '10179',
385 silly registry.get     'accept-ranges': 'bytes',
385 silly registry.get     date: 'Thu, 22 Oct 2015 15:56:38 GMT',
385 silly registry.get     via: '1.1 varnish',
385 silly registry.get     age: '4',
385 silly registry.get     connection: 'keep-alive',
385 silly registry.get     'x-served-by': 'cache-lcy1124-LCY',
385 silly registry.get     'x-cache': 'HIT',
385 silly registry.get     'x-cache-hits': '1',
385 silly registry.get     'x-timer': 'S1445529398.693176,VS0,VE0',
385 silly registry.get     vary: 'Accept' } ]
386 silly addNameRange number 2 { name: 'is-relative',
386 silly addNameRange   range: '>=0.1.0-0 <0.2.0-0',
386 silly addNameRange   hasData: true }
387 silly addNameRange versions [ 'is-relative',
387 silly addNameRange   [ '0.1.0', '0.1.1', '0.1.2', '0.1.3', '0.2.0', '0.2.1' ] ]
388 verbose addNamed [ 'is-relative', '0.1.3' ]
389 verbose addNamed [ '0.1.3', '0.1.3' ]
390 silly lockFile 66047590-is-relative-0-1-3 is-relative@0.1.3
391 verbose lock is-relative@0.1.3 /home/alex/.npm/66047590-is-relative-0-1-3.lock
392 silly lockFile 65ee0ab3-s-relative-is-relative-0-1-3-tgz https://registry.npmjs.org/is-relative/-/is-relative-0.1.3.tgz
393 verbose lock https://registry.npmjs.org/is-relative/-/is-relative-0.1.3.tgz /home/alex/.npm/65ee0ab3-s-relative-is-relative-0-1-3-tgz.lock
394 verbose addRemoteTarball [ 'https://registry.npmjs.org/is-relative/-/is-relative-0.1.3.tgz',
394 verbose addRemoteTarball   '905fee8ae86f45b3ec614bc3c15c869df0876e82' ]
395 info retry fetch attempt 1 at 16:56:38
396 verbose fetch to= /tmp/npm-3592-CzjBPk30/registry.npmjs.org/is-relative/-/is-relative-0.1.3.tgz
397 http GET https://registry.npmjs.org/is-relative/-/is-relative-0.1.3.tgz
398 http 200 https://registry.npmjs.org/is-relative/-/is-relative-0.1.3.tgz
399 silly lockFile 65ee0ab3-s-relative-is-relative-0-1-3-tgz https://registry.npmjs.org/is-relative/-/is-relative-0.1.3.tgz
400 silly lockFile 65ee0ab3-s-relative-is-relative-0-1-3-tgz https://registry.npmjs.org/is-relative/-/is-relative-0.1.3.tgz
401 silly lockFile 66047590-is-relative-0-1-3 is-relative@0.1.3
402 silly lockFile 66047590-is-relative-0-1-3 is-relative@0.1.3
403 silly lockFile 2182c86e-is-relative-0-1-0 is-relative@^0.1.0
404 silly lockFile 2182c86e-is-relative-0-1-0 is-relative@^0.1.0
405 silly resolved [ { name: 'is-relative',
405 silly resolved     description: 'Returns `true` if the path appears to be relative.',
405 silly resolved     version: '0.1.3',
405 silly resolved     homepage: 'https://github.com/jonschlinkert/is-relative',
405 silly resolved     author:
405 silly resolved      { name: 'Jon Schlinkert',
405 silly resolved        url: 'https://github.com/jonschlinkert' },
405 silly resolved     repository:
405 silly resolved      { type: 'git',
405 silly resolved        url: 'git://github.com/jonschlinkert/is-relative.git' },
405 silly resolved     bugs: { url: 'https://github.com/jonschlinkert/is-relative/issues' },
405 silly resolved     licenses: [ [Object] ],
405 silly resolved     keywords:
405 silly resolved      [ 'absolute',
405 silly resolved        'check',
405 silly resolved        'file',
405 silly resolved        'filepath',
405 silly resolved        'is',
405 silly resolved        'normalize',
405 silly resolved        'path',
405 silly resolved        'path.relative',
405 silly resolved        'relative',
405 silly resolved        'resolve',
405 silly resolved        'slash',
405 silly resolved        'slashes',
405 silly resolved        'uri',
405 silly resolved        'url' ],
405 silly resolved     main: 'index.js',
405 silly resolved     files: [ 'index.js', 'LICENSE-MIT' ],
405 silly resolved     engines: { node: '>=0.10.0' },
405 silly resolved     scripts: { test: 'mocha -R spec' },
405 silly resolved     devDependencies: { mocha: '*', verb: '>= 0.2.6', 'verb-tag-jscomments': '^0.1.4' },
405 silly resolved     _id: 'is-relative@0.1.3',
405 silly resolved     _shasum: '905fee8ae86f45b3ec614bc3c15c869df0876e82',
405 silly resolved     _from: 'is-relative@^0.1.0',
405 silly resolved     _npmVersion: '1.4.9',
405 silly resolved     _npmUser: { name: 'jonschlinkert', email: 'github@sellside.com' },
405 silly resolved     maintainers: [ [Object] ],
405 silly resolved     dist:
405 silly resolved      { shasum: '905fee8ae86f45b3ec614bc3c15c869df0876e82',
405 silly resolved        tarball: 'http://registry.npmjs.org/is-relative/-/is-relative-0.1.3.tgz' },
405 silly resolved     directories: {},
405 silly resolved     _resolved: 'https://registry.npmjs.org/is-relative/-/is-relative-0.1.3.tgz' } ]
406 info install is-relative@0.1.3 into /home/alex/Escritorio/practica4/node_modules/karma-chrome-launcher/node_modules/which/node_modules/is-absolute
407 info installOne is-relative@0.1.3
408 verbose node_modules/karma-chrome-launcher/node_modules/which/node_modules/is-absolute/node_modules/is-relative unbuild
409 verbose tar unpack /home/alex/.npm/is-relative/0.1.3/package.tgz
410 silly lockFile d604acdb-bsolute-node-modules-is-relative tar:///home/alex/Escritorio/practica4/node_modules/karma-chrome-launcher/node_modules/which/node_modules/is-absolute/node_modules/is-relative
411 verbose lock tar:///home/alex/Escritorio/practica4/node_modules/karma-chrome-launcher/node_modules/which/node_modules/is-absolute/node_modules/is-relative /home/alex/.npm/d604acdb-bsolute-node-modules-is-relative.lock
412 silly lockFile 723dd31b-pm-is-relative-0-1-3-package-tgz tar:///home/alex/.npm/is-relative/0.1.3/package.tgz
413 verbose lock tar:///home/alex/.npm/is-relative/0.1.3/package.tgz /home/alex/.npm/723dd31b-pm-is-relative-0-1-3-package-tgz.lock
414 silly gunzTarPerm modes [ '775', '664' ]
415 silly gunzTarPerm extractEntry package.json
416 silly gunzTarPerm modified mode [ 'package.json', 438, 436 ]
417 silly gunzTarPerm extractEntry README.md
418 silly gunzTarPerm modified mode [ 'README.md', 438, 436 ]
419 silly gunzTarPerm extractEntry index.js
420 silly gunzTarPerm modified mode [ 'index.js', 438, 436 ]
421 silly gunzTarPerm extractEntry LICENSE-MIT
422 silly gunzTarPerm modified mode [ 'LICENSE-MIT', 438, 436 ]
423 silly lockFile d604acdb-bsolute-node-modules-is-relative tar:///home/alex/Escritorio/practica4/node_modules/karma-chrome-launcher/node_modules/which/node_modules/is-absolute/node_modules/is-relative
424 silly lockFile d604acdb-bsolute-node-modules-is-relative tar:///home/alex/Escritorio/practica4/node_modules/karma-chrome-launcher/node_modules/which/node_modules/is-absolute/node_modules/is-relative
425 silly lockFile 723dd31b-pm-is-relative-0-1-3-package-tgz tar:///home/alex/.npm/is-relative/0.1.3/package.tgz
426 silly lockFile 723dd31b-pm-is-relative-0-1-3-package-tgz tar:///home/alex/.npm/is-relative/0.1.3/package.tgz
427 info preinstall is-relative@0.1.3
428 verbose readDependencies using package.json deps
429 verbose readDependencies using package.json deps
430 silly resolved []
431 verbose about to build /home/alex/Escritorio/practica4/node_modules/karma-chrome-launcher/node_modules/which/node_modules/is-absolute/node_modules/is-relative
432 info build /home/alex/Escritorio/practica4/node_modules/karma-chrome-launcher/node_modules/which/node_modules/is-absolute/node_modules/is-relative
433 verbose linkStuff [ false,
433 verbose linkStuff   false,
433 verbose linkStuff   false,
433 verbose linkStuff   '/home/alex/Escritorio/practica4/node_modules/karma-chrome-launcher/node_modules/which/node_modules/is-absolute/node_modules' ]
434 info linkStuff is-relative@0.1.3
435 verbose linkBins is-relative@0.1.3
436 verbose linkMans is-relative@0.1.3
437 verbose rebuildBundles is-relative@0.1.3
438 info install is-relative@0.1.3
439 info postinstall is-relative@0.1.3
440 verbose about to build /home/alex/Escritorio/practica4/node_modules/karma-chrome-launcher/node_modules/which/node_modules/is-absolute
441 info build /home/alex/Escritorio/practica4/node_modules/karma-chrome-launcher/node_modules/which/node_modules/is-absolute
442 verbose linkStuff [ false,
442 verbose linkStuff   false,
442 verbose linkStuff   false,
442 verbose linkStuff   '/home/alex/Escritorio/practica4/node_modules/karma-chrome-launcher/node_modules/which/node_modules' ]
443 info linkStuff is-absolute@0.1.7
444 verbose linkBins is-absolute@0.1.7
445 verbose linkMans is-absolute@0.1.7
446 verbose rebuildBundles is-absolute@0.1.7
447 verbose rebuildBundles [ 'is-relative' ]
448 info install is-absolute@0.1.7
449 info postinstall is-absolute@0.1.7
450 verbose about to build /home/alex/Escritorio/practica4/node_modules/karma-chrome-launcher/node_modules/which
451 info build /home/alex/Escritorio/practica4/node_modules/karma-chrome-launcher/node_modules/which
452 verbose linkStuff [ false,
452 verbose linkStuff   false,
452 verbose linkStuff   false,
452 verbose linkStuff   '/home/alex/Escritorio/practica4/node_modules/karma-chrome-launcher/node_modules' ]
453 info linkStuff which@1.2.0
454 verbose linkBins which@1.2.0
455 verbose link bins [ { which: './bin/which' },
455 verbose link bins   '/home/alex/Escritorio/practica4/node_modules/karma-chrome-launcher/node_modules/.bin',
455 verbose link bins   false ]
456 verbose linkMans which@1.2.0
457 verbose rebuildBundles which@1.2.0
458 verbose rebuildBundles [ 'is-absolute' ]
459 info install which@1.2.0
460 info postinstall which@1.2.0
461 verbose about to build /home/alex/Escritorio/practica4/node_modules/karma-chrome-launcher
462 info build /home/alex/Escritorio/practica4/node_modules/karma-chrome-launcher
463 verbose linkStuff [ false,
463 verbose linkStuff   false,
463 verbose linkStuff   false,
463 verbose linkStuff   '/home/alex/Escritorio/practica4/node_modules' ]
464 info linkStuff karma-chrome-launcher@0.2.1
465 verbose linkBins karma-chrome-launcher@0.2.1
466 verbose linkMans karma-chrome-launcher@0.2.1
467 verbose rebuildBundles karma-chrome-launcher@0.2.1
468 verbose rebuildBundles [ '.bin', 'fs-access', 'which' ]
469 info install karma-chrome-launcher@0.2.1
470 info postinstall karma-chrome-launcher@0.2.1
471 error peerinvalid The package karma does not satisfy its siblings' peerDependencies requirements!
471 error peerinvalid Peer gulp-karma@0.0.5 wants karma@>=0.10 <=0.13
472 error System Linux 3.2.0-60-generic-pae
473 error command "/usr/bin/node" "/usr/bin/npm" "install" "karma-chrome-launcher" "--save-dev"
474 error cwd /home/alex/Escritorio/practica4
475 error node -v v0.10.40
476 error npm -v 1.4.28
477 error code EPEERINVALID
478 verbose exit [ 1, true ]
